\BOOKMARK [0][]{Contents.0}{\376\377\000T\000a\000b\000l\000e\000\040\000o\000f\000\040\000c\000o\000n\000t\000e\000n\000t\000s}{}% 1
\BOOKMARK [0][]{chapter*.5}{\376\377\000L\000i\000s\000t\000\040\000o\000f\000\040\000f\000i\000g\000u\000r\000e\000s}{}% 2
\BOOKMARK [0][]{chapter*.6}{\376\377\000L\000i\000s\000t\000\040\000o\000f\000\040\000t\000a\000b\000l\000e\000s}{}% 3
\BOOKMARK [0][]{chapter.1}{\376\377\0001\000\040\000I\000n\000t\000r\000o\000d\000u\000c\000t\000i\000o\000n}{}% 4
\BOOKMARK [1][]{section.1.1}{\376\377\0001\000.\0001\000\040\000G\000e\000n\000e\000t\000i\000c\000\040\000v\000a\000r\000i\000a\000t\000i\000o\000n\000\040\000a\000n\000d\000\040\000s\000o\000u\000r\000c\000e\000s\000\040\000o\000f\000\040\000m\000u\000t\000a\000t\000i\000o\000n\000s}{chapter.1}% 5
\BOOKMARK [1][]{section.1.2}{\376\377\0001\000.\0002\000\040\000G\000e\000r\000m\000l\000i\000n\000e\000\040\000a\000n\000d\000\040\000s\000o\000m\000a\000t\000i\000c\000\040\000m\000u\000t\000a\000t\000i\000o\000n}{chapter.1}% 6
\BOOKMARK [2][]{subsection.1.2.1}{\376\377\0001\000.\0002\000.\0001\000\040\000G\000e\000r\000m\000l\000i\000n\000e\000\040\000m\000u\000t\000a\000t\000i\000o\000n\000s}{section.1.2}% 7
\BOOKMARK [2][]{subsection.1.2.2}{\376\377\0001\000.\0002\000.\0002\000\040\000S\000o\000m\000a\000t\000i\000c\000\040\000m\000u\000t\000a\000t\000i\000o\000n\000s}{section.1.2}% 8
\BOOKMARK [2][]{subsection.1.2.3}{\376\377\0001\000.\0002\000.\0003\000\040\000M\000u\000t\000a\000t\000i\000o\000n\000a\000l\000\040\000s\000i\000g\000n\000a\000t\000u\000r\000e\000s\000\040\000a\000n\000d\000\040\000m\000u\000t\000a\000t\000i\000o\000n\000a\000l\000\040\000p\000r\000o\000c\000e\000s\000s\000e\000s}{section.1.2}% 9
\BOOKMARK [1][]{section.1.3}{\376\377\0001\000.\0003\000\040\000R\000e\000f\000e\000r\000e\000n\000c\000e\000\040\000g\000e\000n\000o\000m\000e\000s}{chapter.1}% 10
\BOOKMARK [2][]{subsection.1.3.1}{\376\377\0001\000.\0003\000.\0001\000\040\000D\000e\000\040\000n\000o\000v\000o\000\040\000a\000s\000s\000e\000m\000b\000l\000y}{section.1.3}% 11
\BOOKMARK [2][]{subsection.1.3.2}{\376\377\0001\000.\0003\000.\0002\000\040\000S\000h\000o\000r\000t\000-\000r\000e\000a\000d\000\040\000s\000e\000q\000u\000e\000n\000c\000i\000n\000g}{section.1.3}% 12
\BOOKMARK [2][]{subsection.1.3.3}{\376\377\0001\000.\0003\000.\0003\000\040\000L\000o\000n\000g\000-\000r\000e\000a\000d\000\040\000s\000e\000q\000u\000e\000n\000c\000i\000n\000g}{section.1.3}% 13
\BOOKMARK [2][]{subsection.1.3.4}{\376\377\0001\000.\0003\000.\0004\000\040\000H\000a\000p\000l\000o\000t\000y\000p\000e\000\040\000t\000a\000g\000g\000i\000n\000g}{section.1.3}% 14
\BOOKMARK [2][]{subsection.1.3.5}{\376\377\0001\000.\0003\000.\0005\000\040\000H\000i\000g\000h\000-\000t\000h\000r\000o\000u\000g\000h\000p\000u\000t\000\040\000c\000h\000r\000o\000m\000a\000t\000i\000n\000\040\000c\000o\000n\000f\000o\000r\000m\000a\000t\000i\000o\000n\000\040\000c\000a\000p\000t\000u\000r\000e\000\040\000s\000e\000q\000u\000e\000n\000c\000i\000n\000g}{section.1.3}% 15
\BOOKMARK [1][]{section.1.4}{\376\377\0001\000.\0004\000\040\000R\000e\000s\000e\000q\000u\000e\000n\000c\000i\000n\000g}{chapter.1}% 16
\BOOKMARK [2][]{subsection.1.4.1}{\376\377\0001\000.\0004\000.\0001\000\040\000G\000e\000r\000m\000l\000i\000n\000e\000\040\000m\000u\000t\000a\000t\000i\000o\000n\000\040\000d\000e\000t\000e\000c\000t\000i\000o\000n}{section.1.4}% 17
\BOOKMARK [2][]{subsection.1.4.2}{\376\377\0001\000.\0004\000.\0002\000\040\000S\000o\000m\000a\000t\000i\000c\000\040\000m\000u\000t\000a\000t\000i\000o\000n\000\040\000d\000e\000t\000e\000c\000t\000i\000o\000n}{section.1.4}% 18
\BOOKMARK [2][]{subsection.1.4.3}{\376\377\0001\000.\0004\000.\0003\000\040\000S\000o\000m\000a\000t\000i\000c\000\040\000m\000u\000t\000a\000t\000i\000o\000n\000\040\000d\000e\000t\000e\000c\000t\000i\000o\000n\000\040\000i\000n\000\040\000c\000a\000n\000c\000e\000r}{section.1.4}% 19
\BOOKMARK [2][]{subsection.1.4.4}{\376\377\0001\000.\0004\000.\0004\000\040\000S\000o\000m\000a\000t\000i\000c\000\040\000m\000u\000t\000a\000t\000i\000o\000n\000\040\000d\000e\000t\000e\000c\000t\000i\000o\000n\000\040\000i\000n\000\040\000n\000o\000r\000m\000a\000l\000\040\000t\000i\000s\000s\000u\000e\000s}{section.1.4}% 20
\BOOKMARK [1][]{section.1.5}{\376\377\0001\000.\0005\000\040\000D\000a\000r\000w\000i\000n\000\040\000T\000r\000e\000e\000\040\000o\000f\000\040\000L\000i\000f\000e\000\040\000p\000r\000o\000j\000e\000c\000t}{chapter.1}% 21
\BOOKMARK [1][]{section.1.6}{\376\377\0001\000.\0006\000\040\000S\000p\000e\000r\000m\000\040\000s\000e\000q\000u\000e\000n\000c\000i\000n\000g\000\040\000f\000o\000r\000\040\000m\000e\000i\000o\000t\000i\000c\000\040\000r\000e\000c\000o\000m\000b\000i\000n\000a\000t\000i\000o\000n\000\040\000p\000r\000o\000d\000u\000c\000t\000\040\000i\000n\000v\000e\000s\000t\000i\000g\000a\000t\000i\000o\000n}{chapter.1}% 22
\BOOKMARK [1][]{section.1.7}{\376\377\0001\000.\0007\000\040\000B\000l\000o\000o\000m\000\040\000s\000y\000n\000d\000r\000o\000m\000e\000\040\000p\000a\000t\000i\000e\000n\000t\000\040\000s\000a\000m\000p\000l\000e\000\040\000s\000e\000q\000u\000e\000n\000c\000i\000n\000g\000\040\000f\000o\000r\000\040\000m\000i\000t\000o\000t\000i\000c\000\040\000g\000e\000n\000e\000\040\000c\000o\000n\000v\000e\000r\000s\000i\000o\000n\000\040\000d\000e\000t\000e\000c\000t\000i\000o\000n}{chapter.1}% 23
\BOOKMARK [1][]{section.1.8}{\376\377\0001\000.\0008\000\040\000O\000v\000e\000r\000v\000i\000e\000w\000\040\000a\000n\000d\000\040\000o\000b\000j\000e\000c\000t\000i\000v\000e\000s}{chapter.1}% 24
\BOOKMARK [0][]{chapter.2}{\376\377\0002\000\040\000S\000i\000n\000g\000l\000e\000\040\000m\000o\000l\000e\000c\000u\000l\000e\000\040\000s\000o\000m\000a\000t\000i\000c\000\040\000s\000i\000n\000g\000l\000e\000-\000b\000a\000s\000e\000\040\000s\000u\000b\000s\000t\000i\000t\000u\000t\000i\000o\000n\000\040\000d\000e\000t\000e\000c\000t\000i\000o\000n}{}% 25
\BOOKMARK [1][]{section.2.1}{\376\377\0002\000.\0001\000\040\000I\000n\000t\000r\000o\000d\000u\000c\000t\000i\000o\000n}{chapter.2}% 26
\BOOKMARK [1][]{section.2.2}{\376\377\0002\000.\0002\000\040\000M\000a\000t\000e\000r\000i\000a\000l\000s\000\040\000\046\000\040\000M\000e\000t\000h\000o\000d\000s}{chapter.2}% 27
\BOOKMARK [2][]{subsection.2.2.1}{\376\377\0002\000.\0002\000.\0001\000\040\000S\000a\000m\000p\000l\000e\000s}{section.2.2}% 28
\BOOKMARK [2][]{subsection.2.2.2}{\376\377\0002\000.\0002\000.\0002\000\040\000M\000u\000t\000a\000t\000i\000o\000n\000a\000l\000\040\000s\000i\000g\000n\000a\000t\000u\000r\000e\000s}{section.2.2}% 29
\BOOKMARK [2][]{subsection.2.2.3}{\376\377\0002\000.\0002\000.\0003\000\040\000P\000a\000c\000i\000f\000i\000c\000\040\000B\000i\000o\000s\000c\000i\000e\000n\000c\000e\000s\000\040\000C\000i\000r\000c\000u\000l\000a\000r\000\040\000C\000o\000n\000s\000e\000n\000s\000u\000s\000\040\000S\000e\000q\000u\000e\000n\000c\000i\000n\000g}{section.2.2}% 30
\BOOKMARK [2][]{subsection.2.2.4}{\376\377\0002\000.\0002\000.\0004\000\040\000S\000i\000n\000g\000l\000e\000\040\000m\000o\000l\000e\000c\000u\000l\000e\000\040\000s\000o\000m\000a\000t\000i\000c\000\040\000m\000u\000t\000a\000t\000i\000o\000n\000\040\000c\000a\000l\000l\000i\000n\000g}{section.2.2}% 31
\BOOKMARK [2][]{subsection.2.2.5}{\376\377\0002\000.\0002\000.\0005\000\040\000M\000e\000t\000h\000o\000d\000s\000\040\000f\000o\000r\000\040\000s\000i\000n\000g\000l\000e\000\040\000m\000o\000l\000e\000c\000u\000l\000e\000\040\000s\000o\000m\000a\000t\000i\000c\000\040\000m\000u\000t\000a\000t\000i\000o\000n\000\040\000c\000a\000l\000l\000i\000n\000g}{section.2.2}% 32
\BOOKMARK [2][]{subsection.2.2.6}{\376\377\0002\000.\0002\000.\0006\000\040\000M\000u\000t\000a\000t\000i\000o\000n\000\040\000c\000a\000l\000l\000i\000n\000g}{section.2.2}% 33
\BOOKMARK [2][]{subsection.2.2.7}{\376\377\0002\000.\0002\000.\0007\000\040\000H\000a\000r\000d\000\040\000f\000i\000l\000t\000e\000r\000s}{section.2.2}% 34
\BOOKMARK [2][]{subsection.2.2.8}{\376\377\0002\000.\0002\000.\0008\000\040\000H\000a\000p\000l\000o\000t\000y\000p\000e\000\040\000P\000h\000a\000s\000i\000n\000g}{section.2.2}% 35
\BOOKMARK [1][]{section.2.3}{\376\377\0002\000.\0003\000\040\000B\000e\000n\000c\000h\000m\000a\000r\000k\000s}{chapter.2}% 36
\BOOKMARK [2][]{subsection.2.3.1}{\376\377\0002\000.\0003\000.\0001\000\040\000S\000e\000n\000s\000i\000t\000i\000v\000i\000t\000y\000\040\000a\000n\000d\000\040\000S\000p\000e\000c\000i\000f\000i\000c\000i\000t\000y\000,\000\040\000F\0001\000-\000s\000t\000a\000t\000i\000s\000t\000i\000c\000s}{section.2.3}% 37
\BOOKMARK [2][]{subsection.2.3.2}{\376\377\0002\000.\0003\000.\0002\000\040\000R\000e\000c\000e\000i\000v\000e\000r\000-\000o\000p\000e\000r\000a\000t\000i\000n\000g\000\040\000c\000h\000a\000r\000a\000c\000t\000e\000r\000i\000s\000t\000i\000c\000s}{section.2.3}% 38
\BOOKMARK [1][]{section.2.4}{\376\377\0002\000.\0004\000\040\000R\000e\000s\000u\000l\000t\000s}{chapter.2}% 39
\BOOKMARK [2][]{subsection.2.4.1}{\376\377\0002\000.\0004\000.\0001\000\040}{section.2.4}% 40
\BOOKMARK [2][]{subsection.2.4.2}{\376\377\0002\000.\0004\000.\0002\000\040}{section.2.4}% 41
\BOOKMARK [1][]{section.2.5}{\376\377\0002\000.\0005\000\040\000D\000i\000s\000c\000u\000s\000s\000i\000o\000n}{chapter.2}% 42
\BOOKMARK [2][]{subsection.2.5.1}{\376\377\0002\000.\0005\000.\0001\000\040\000L\000i\000q\000u\000i\000d\000\040\000B\000i\000o\000p\000s\000y}{section.2.5}% 43
\BOOKMARK [2][]{subsection.2.5.2}{\376\377\0002\000.\0005\000.\0002\000\040\000F\000a\000l\000s\000e\000\040\000p\000o\000s\000i\000t\000i\000v\000e\000\040\000s\000u\000b\000s\000t\000i\000t\000u\000t\000i\000o\000n\000s}{section.2.5}% 44
\BOOKMARK [2][]{subsection.2.5.3}{\376\377\0002\000.\0005\000.\0003\000\040\000D\000e\000e\000p\000C\000o\000n\000s\000e\000n\000s\000u\000s}{section.2.5}% 45
\BOOKMARK [2][]{subsection.2.5.4}{\376\377\0002\000.\0005\000.\0004\000\040\000E\000n\000v\000i\000r\000o\000n\000m\000e\000n\000t\000a\000l\000\040\000m\000u\000t\000a\000g\000e\000n\000e\000s\000i\000s}{section.2.5}% 46
\BOOKMARK [2][]{subsection.2.5.5}{\376\377\0002\000.\0005\000.\0005\000\040\000S\000i\000n\000g\000l\000e\000\040\000m\000o\000l\000e\000c\000u\000l\000e\000\040\000s\000t\000r\000u\000c\000t\000u\000r\000a\000l\000\040\000v\000a\000r\000i\000a\000t\000i\000o\000n\000\040\000d\000e\000t\000e\000c\000t\000i\000o\000n}{section.2.5}% 47
\BOOKMARK [2][]{subsection.2.5.6}{\376\377\0002\000.\0005\000.\0006\000\040\000S\000i\000n\000g\000l\000e\000\040\000m\000o\000l\000e\000c\000u\000l\000e\000\040\000s\000o\000m\000a\000t\000i\000c\000\040\000m\000u\000t\000a\000t\000i\000o\000n\000\040\000d\000e\000t\000e\000c\000t\000i\000o\000n\000\040\000i\000n\000\040\000n\000o\000n\000-\000h\000u\000m\000a\000n\000\040\000s\000p\000e\000c\000i\000e\000s}{section.2.5}% 48
\BOOKMARK [0][]{chapter.3}{\376\377\0003\000\040\000G\000e\000r\000m\000l\000i\000n\000e\000\040\000a\000n\000d\000\040\000s\000o\000m\000a\000t\000i\000c\000\040\000m\000u\000t\000a\000t\000i\000o\000n\000a\000l\000\040\000p\000r\000o\000c\000e\000s\000s\000e\000s\000\040\000a\000c\000r\000o\000s\000s\000\040\000t\000h\000e\000\040\000T\000r\000e\000e\000\040\000o\000f\000\040\000L\000i\000f\000e}{}% 49
\BOOKMARK [1][]{section.3.1}{\376\377\0003\000.\0001\000\040\000I\000n\000t\000r\000o\000d\000u\000c\000t\000i\000o\000n}{chapter.3}% 50
\BOOKMARK [1][]{section.3.2}{\376\377\0003\000.\0002\000\040\000M\000a\000t\000e\000r\000i\000a\000l\000s\000\040\000\046\000\040\000M\000e\000t\000h\000o\000d\000s}{chapter.3}% 51
\BOOKMARK [1][]{section.3.3}{\376\377\0003\000.\0003\000\040\000R\000e\000s\000u\000l\000t\000s}{chapter.3}% 52
\BOOKMARK [2][]{subsection.3.3.1}{\376\377\0003\000.\0003\000.\0001\000\040\000G\000e\000r\000m\000l\000i\000n\000e\000\040\000a\000n\000d\000\040\000s\000o\000m\000a\000t\000i\000c\000\040\000m\000u\000t\000a\000t\000i\000o\000n\000a\000l\000\040\000p\000r\000o\000c\000e\000s\000s\000e\000s}{section.3.3}% 53
\BOOKMARK [1][]{section.3.4}{\376\377\0003\000.\0004\000\040\000D\000i\000s\000c\000u\000s\000s\000i\000o\000n}{chapter.3}% 54
\BOOKMARK [2][]{subsection.3.4.1}{\376\377\0003\000.\0004\000.\0001\000\040\000S\000a\000m\000p\000l\000e\000s\000\040\000w\000i\000t\000h\000o\000u\000t\000\040\000s\000o\000m\000a\000t\000i\000c\000\040\000m\000u\000t\000a\000t\000i\000o\000n\000s}{section.3.4}% 55
\BOOKMARK [2][]{subsection.3.4.2}{\376\377\0003\000.\0004\000.\0002\000\040\000S\000o\000m\000a\000t\000i\000c\000\040\000t\000h\000e\000o\000r\000y\000\040\000o\000f\000\040\000a\000g\000i\000n\000g}{section.3.4}% 56
\BOOKMARK [2][]{subsection.3.4.3}{\376\377\0003\000.\0004\000.\0003\000\040\000L\000i\000f\000e\000\040\000c\000y\000c\000l\000e\000\040\000o\000f\000\040\000I\000n\000s\000e\000c\000t\000s}{section.3.4}% 57
\BOOKMARK [2][]{subsection.3.4.4}{\376\377\0003\000.\0004\000.\0004\000\040\000E\000n\000v\000i\000r\000o\000n\000m\000e\000n\000t\000a\000l\000\040\000m\000u\000t\000a\000g\000e\000n\000e\000s\000i\000s}{section.3.4}% 58
\BOOKMARK [0][]{chapter.4}{\376\377\0004\000\040\000M\000e\000i\000o\000t\000i\000c\000\040\000r\000e\000c\000o\000m\000b\000i\000n\000a\000t\000i\000o\000n}{}% 59
\BOOKMARK [1][]{section.4.1}{\376\377\0004\000.\0001\000\040\000I\000n\000t\000r\000o\000d\000u\000c\000t\000i\000o\000n}{chapter.4}% 60
\BOOKMARK [2][]{subsection.4.1.1}{\376\377\0004\000.\0001\000.\0001\000\040\000M\000e\000i\000o\000t\000i\000c\000\040\000r\000e\000c\000o\000m\000b\000i\000n\000a\000t\000i\000o\000n}{section.4.1}% 61
\BOOKMARK [2][]{subsection.4.1.2}{\376\377\0004\000.\0001\000.\0002\000\040\000H\000a\000p\000l\000o\000t\000y\000p\000e\000\040\000M\000a\000p}{section.4.1}% 62
\BOOKMARK [2][]{subsection.4.1.3}{\376\377\0004\000.\0001\000.\0003\000\040\000M\000e\000t\000h\000o\000d\000s\000\040\000t\000o\000\040\000s\000t\000u\000d\000y\000\040\000m\000e\000i\000o\000t\000i\000c\000\040\000r\000e\000c\000o\000m\000b\000i\000n\000a\000n\000t\000\040\000p\000r\000o\000d\000u\000c\000t\000s}{section.4.1}% 63
\BOOKMARK [1][]{section.4.2}{\376\377\0004\000.\0002\000\040\000M\000a\000t\000e\000r\000i\000a\000l\000\040\000\046\000\040\000M\000e\000t\000h\000o\000d\000s}{chapter.4}% 64
\BOOKMARK [1][]{section.4.3}{\376\377\0004\000.\0003\000\040\000R\000e\000s\000u\000l\000t\000s}{chapter.4}% 65
\BOOKMARK [1][]{section.4.4}{\376\377\0004\000.\0004\000\040\000D\000i\000s\000c\000u\000s\000s\000i\000o\000n}{chapter.4}% 66
\BOOKMARK [0][]{chapter.5}{\376\377\0005\000\040\000M\000i\000t\000o\000t\000i\000c\000\040\000L\000o\000s\000s\000\040\000o\000f\000\040\000H\000e\000t\000e\000r\000o\000z\000y\000g\000o\000s\000i\000t\000y\000\040\000a\000s\000\040\000a\000n\000\040\000O\000n\000c\000o\000g\000e\000n\000i\000c\000\040\000M\000e\000c\000h\000a\000n\000i\000s\000m}{}% 67
\BOOKMARK [1][]{section.5.1}{\376\377\0005\000.\0001\000\040\000I\000n\000t\000r\000o\000d\000u\000c\000t\000i\000o\000n}{chapter.5}% 68
\BOOKMARK [1][]{section.5.2}{\376\377\0005\000.\0002\000\040\000M\000a\000t\000e\000r\000i\000a\000l\000s\000\040\000\046\000\040\000M\000e\000t\000h\000o\000d\000s}{chapter.5}% 69
\BOOKMARK [1][]{section.5.3}{\376\377\0005\000.\0003\000\040\000D\000i\000s\000c\000u\000s\000s\000i\000o\000n}{chapter.5}% 70
\BOOKMARK [0][]{appendix.a.A}{\376\377\000A\000p\000p\000e\000n\000d\000i\000x\000\040\000A\000\040\000H\000o\000w\000\040\000t\000o\000\040\000i\000n\000s\000t\000a\000l\000l\000\040\000L\000a\000T\000e\000X}{}% 71
\BOOKMARK [0][]{appendix.a.B}{\376\377\000A\000p\000p\000e\000n\000d\000i\000x\000\040\000B\000\040\000I\000n\000s\000t\000a\000l\000l\000i\000n\000g\000\040\000t\000h\000e\000\040\000C\000U\000E\000D\000\040\000c\000l\000a\000s\000s\000\040\000f\000i\000l\000e}{}% 72
